<?xml version="1.0" encoding="UTF-8"?>
<testng-results skipped="0" failed="0" ignored="0" total="1" passed="1">
  <reporter-output>
  </reporter-output>
  <suite name="Default suite" duration-ms="28060" started-at="2024-06-06T11:55:24Z" finished-at="2024-06-06T11:55:52Z">
    <groups>
    </groups>
    <test name="Default test" duration-ms="28060" started-at="2024-06-06T11:55:24Z" finished-at="2024-06-06T11:55:52Z">
      <class name="SignaDart.Login">
        <test-method status="PASS" signature="main()[pri:0, instance:SignaDart.Login@4883b407]" name="main" duration-ms="28001" started-at="2024-06-06T11:55:24Z" finished-at="2024-06-06T11:55:52Z">
          <reporter-output>
          </reporter-output>
        </test-method> <!-- main -->
      </class> <!-- SignaDart.Login -->
    </test> <!-- Default test -->
  </suite> <!-- Default suite -->
</testng-results>
